<?xml version="1.0" encoding="UTF-8"?>
<testng-results ignored="0" total="1" passed="1" failed="0" skipped="0">
  <reporter-output>
  </reporter-output>
  <suite started-at="2022-07-21T19:37:12 IST" name="InetBankingV9" finished-at="2022-07-21T19:37:55 IST" duration-ms="42700">
    <groups>
    </groups>
    <test started-at="2022-07-21T19:37:12 IST" name="BankingApp Test" finished-at="2022-07-21T19:37:55 IST" duration-ms="42700">
      <class name="com.inetbanking.testCases.TC_AddCustomerTest_003">
        <test-method is-config="true" signature="setup(java.lang.String)[pri:0, instance:com.inetbanking.testCases.TC_AddCustomerTest_003@5fd4f8f5]" started-at="2022-07-21T19:37:12 IST" name="setup" finished-at="2022-07-21T19:37:26 IST" duration-ms="13525" status="PASS">
          <params>
            <param index="0">
              <value>
                <![CDATA[chrome]]>
              </value>
            </param>
          </params>
          <reporter-output>
          </reporter-output>
        </test-method> <!-- setup -->
        <test-method signature="addNewCustomer()[pri:0, instance:com.inetbanking.testCases.TC_AddCustomerTest_003@5fd4f8f5]" started-at="2022-07-21T19:37:26 IST" name="addNewCustomer" finished-at="2022-07-21T19:37:49 IST" duration-ms="23257" status="PASS">
          <reporter-output>
          </reporter-output>
        </test-method> <!-- addNewCustomer -->
        <test-method is-config="true" signature="tearDown()[pri:0, instance:com.inetbanking.testCases.TC_AddCustomerTest_003@5fd4f8f5]" started-at="2022-07-21T19:37:49 IST" name="tearDown" finished-at="2022-07-21T19:37:55 IST" duration-ms="5766" status="PASS">
          <reporter-output>
          </reporter-output>
        </test-method> <!-- tearDown -->
      </class> <!-- com.inetbanking.testCases.TC_AddCustomerTest_003 -->
    </test> <!-- BankingApp Test -->
  </suite> <!-- InetBankingV9 -->
</testng-results>
